# JRE version: OpenJDK Runtime Environment JBR-11.0.13.7-1751.19-jcef (11.0.13+7) (build 11.0.13+7-b1751.19)
# Java VM: OpenJDK 64-Bit Server VM JBR-11.0.13.7-1751.19-jcef (11.0.13+7-b1751.19, mixed mode, tiered, compressed oops, g1 gc, linux-amd64)
Heap:
 garbage-first heap   total 460800K, used 378071K [0x00000000b8c00000, 0x0000000100000000)
  region size 1024K, 67 young (68608K), 2 survivors (2048K)
 Metaspace       used 270817K, capacity 280960K, committed 281272K, reserved 1296384K
  class space    used 30784K, capacity 34851K, committed 34904K, reserved 1048576K
GC Heap History (20 events):
Event: 4288.080 GC heap before
{Heap before GC invocations=208 (full 0):
 garbage-first heap   total 460800K, used 406917K [0x00000000b8c00000, 0x0000000100000000)
  region size 1024K, 97 young (99328K), 6 survivors (6144K)
 Metaspace       used 270396K, capacity 280529K, committed 280760K, reserved 1296384K
  class space    used 30776K, capacity 34843K, committed 34904K, reserved 1048576K
}
Event: 4288.109 GC heap after
{Heap after GC invocations=209 (full 0):
 garbage-first heap   total 460800K, used 312555K [0x00000000b8c00000, 0x0000000100000000)
  region size 1024K, 4 young (4096K), 4 survivors (4096K)
 Metaspace       used 270396K, capacity 280529K, committed 280760K, reserved 1296384K
  class space    used 30776K, capacity 34843K, committed 34904K, reserved 1048576K
}
Event: 4300.920 GC heap before
{Heap before GC invocations=209 (full 0):
 garbage-first heap   total 460800K, used 406763K [0x00000000b8c00000, 0x0000000100000000)
  region size 1024K, 97 young (99328K), 4 survivors (4096K)
 Metaspace       used 270439K, capacity 280600K, committed 280760K, reserved 1296384K
  class space    used 30779K, capacity 34845K, committed 34904K, reserved 1048576K
}
Event: 4300.932 GC heap after
{Heap after GC invocations=210 (full 0):
 garbage-first heap   total 460800K, used 312890K [0x00000000b8c00000, 0x0000000100000000)
  region size 1024K, 5 young (5120K), 5 survivors (5120K)
 Metaspace       used 270439K, capacity 280600K, committed 280760K, reserved 1296384K
  class space    used 30779K, capacity 34845K, committed 34904K, reserved 1048576K
}
Event: 4326.732 GC heap before
{Heap before GC invocations=210 (full 0):
 garbage-first heap   total 460800K, used 407098K [0x00000000b8c00000, 0x0000000100000000)
  region size 1024K, 98 young (100352K), 5 survivors (5120K)
 Metaspace       used 270485K, capacity 280665K, committed 281016K, reserved 1296384K
  class space    used 30780K, capacity 34845K, committed 34904K, reserved 1048576K
}
Event: 4326.744 GC heap after
{Heap after GC invocations=211 (full 0):
 garbage-first heap   total 460800K, used 312584K [0x00000000b8c00000, 0x0000000100000000)
  region size 1024K, 4 young (4096K), 4 survivors (4096K)
 Metaspace       used 270485K, capacity 280665K, committed 281016K, reserved 1296384K
  class space    used 30780K, capacity 34845K, committed 34904K, reserved 1048576K
}
Event: 4345.768 GC heap before
{Heap before GC invocations=211 (full 0):
 garbage-first heap   total 460800K, used 407816K [0x00000000b8c00000, 0x0000000100000000)
  region size 1024K, 98 young (100352K), 4 survivors (4096K)
 Metaspace       used 270505K, capacity 280668K, committed 281016K, reserved 1296384K
  class space    used 30780K, capacity 34845K, committed 34904K, reserved 1048576K
}
Event: 4345.794 GC heap after
{Heap after GC invocations=212 (full 0):
 garbage-first heap   total 460800K, used 313901K [0x00000000b8c00000, 0x0000000100000000)
  region size 1024K, 6 young (6144K), 6 survivors (6144K)
 Metaspace       used 270505K, capacity 280668K, committed 281016K, reserved 1296384K
  class space    used 30780K, capacity 34845K, committed 34904K, reserved 1048576K
}
Event: 4353.762 GC heap before
{Heap before GC invocations=212 (full 0):
 garbage-first heap   total 460800K, used 406061K [0x00000000b8c00000, 0x0000000100000000)
  region size 1024K, 97 young (99328K), 6 survivors (6144K)
 Metaspace       used 270531K, capacity 280668K, committed 281016K, reserved 1296384K
  class space    used 30780K, capacity 34845K, committed 34904K, reserved 1048576K
}
Event: 4353.781 GC heap after
{Heap after GC invocations=213 (full 0):
 garbage-first heap   total 460800K, used 313177K [0x00000000b8c00000, 0x0000000100000000)
  region size 1024K, 5 young (5120K), 5 survivors (5120K)
 Metaspace       used 270531K, capacity 280668K, committed 281016K, reserved 1296384K
  class space    used 30780K, capacity 34845K, committed 34904K, reserved 1048576K
}
Event: 4371.914 GC heap before
{Heap before GC invocations=213 (full 0):
 garbage-first heap   total 460800K, used 407385K [0x00000000b8c00000, 0x0000000100000000)
  region size 1024K, 98 young (100352K), 5 survivors (5120K)
 Metaspace       used 270602K, capacity 280748K, committed 281016K, reserved 1296384K
  class space    used 30782K, capacity 34849K, committed 34904K, reserved 1048576K
}
Event: 4371.927 GC heap after
{Heap after GC invocations=214 (full 0):
 garbage-first heap   total 460800K, used 313116K [0x00000000b8c00000, 0x0000000100000000)
  region size 1024K, 3 young (3072K), 3 survivors (3072K)
 Metaspace       used 270602K, capacity 280748K, committed 281016K, reserved 1296384K
  class space    used 30782K, capacity 34849K, committed 34904K, reserved 1048576K
}
Event: 4382.740 GC heap before
{Heap before GC invocations=214 (full 0):
 garbage-first heap   total 460800K, used 407324K [0x00000000b8c00000, 0x0000000100000000)
  region size 1024K, 96 young (98304K), 3 survivors (3072K)
 Metaspace       used 270623K, capacity 280749K, committed 281016K, reserved 1296384K
  class space    used 30782K, capacity 34849K, committed 34904K, reserved 1048576K
}
Event: 4382.759 GC heap after
{Heap after GC invocations=215 (full 0):
 garbage-first heap   total 460800K, used 314490K [0x00000000b8c00000, 0x0000000100000000)
  region size 1024K, 4 young (4096K), 4 survivors (4096K)
 Metaspace       used 270623K, capacity 280749K, committed 281016K, reserved 1296384K
  class space    used 30782K, capacity 34849K, committed 34904K, reserved 1048576K
}
Event: 4388.800 GC heap before
{Heap before GC invocations=215 (full 0):
 garbage-first heap   total 460800K, used 407674K [0x00000000b8c00000, 0x0000000100000000)
  region size 1024K, 95 young (97280K), 4 survivors (4096K)
 Metaspace       used 270646K, capacity 280756K, committed 281016K, reserved 1296384K
  class space    used 30783K, capacity 34850K, committed 34904K, reserved 1048576K
}
Event: 4388.807 GC heap after
{Heap after GC invocations=216 (full 0):
 garbage-first heap   total 460800K, used 313610K [0x00000000b8c00000, 0x0000000100000000)
  region size 1024K, 3 young (3072K), 3 survivors (3072K)
 Metaspace       used 270646K, capacity 280756K, committed 281016K, reserved 1296384K
  class space    used 30783K, capacity 34850K, committed 34904K, reserved 1048576K
}
Event: 4396.802 GC heap before
{Heap before GC invocations=216 (full 0):
 garbage-first heap   total 460800K, used 407818K [0x00000000b8c00000, 0x0000000100000000)
  region size 1024K, 96 young (98304K), 3 survivors (3072K)
 Metaspace       used 270703K, capacity 280821K, committed 281016K, reserved 1296384K
  class space    used 30783K, capacity 34850K, committed 34904K, reserved 1048576K
}
Event: 4396.808 GC heap after
{Heap after GC invocations=217 (full 0):
 garbage-first heap   total 460800K, used 314682K [0x00000000b8c00000, 0x0000000100000000)
  region size 1024K, 4 young (4096K), 4 survivors (4096K)
 Metaspace       used 270703K, capacity 280821K, committed 281016K, reserved 1296384K
  class space    used 30783K, capacity 34850K, committed 34904K, reserved 1048576K
}
Event: 4400.316 GC heap before
{Heap before GC invocations=217 (full 0):
 garbage-first heap   total 460800K, used 406842K [0x00000000b8c00000, 0x0000000100000000)
  region size 1024K, 95 young (97280K), 4 survivors (4096K)
 Metaspace       used 270731K, capacity 280822K, committed 281016K, reserved 1296384K
  class space    used 30783K, capacity 34850K, committed 34904K, reserved 1048576K
}
Event: 4400.334 GC heap after
{Heap after GC invocations=218 (full 0):
 garbage-first heap   total 460800K, used 313559K [0x00000000b8c00000, 0x0000000100000000)
  region size 1024K, 2 young (2048K), 2 survivors (2048K)
 Metaspace       used 270731K, capacity 280822K, committed 281016K, reserved 1296384K
  class space    used 30783K, capacity 34850K, committed 34904K, reserved 1048576K
}

